<?xml version="1.0" encoding="UTF-8"?>
<!-- Generated by org.testng.reporters.JUnitReportReporter -->
<testsuite skipped="2" hostname="COB1086589" name="selFramework.frameworkdev.Tests.SubmitOrder" tests="6" failures="0" timestamp="2023-03-28T02:30:02 IST" time="2.506" errors="4">
  <testcase name="loginApplication" time="1.873" classname="selFramework.frameworkdev.Tests.SubmitOrder">
    <error type="io.github.bonigarcia.wdm.config.WebDriverManagerException" message="io.github.bonigarcia.wdm.config.WebDriverManagerException: java.net.UnknownHostException: chromedriver.storage.googleapis.com">
      <![CDATA[io.github.bonigarcia.wdm.config.WebDriverManagerException: io.github.bonigarcia.wdm.config.WebDriverManagerException: java.net.UnknownHostException: chromedriver.storage.googleapis.com
at io.github.bonigarcia.wdm.WebDriverManager.handleException(WebDriverManager.java:1423)
at io.github.bonigarcia.wdm.WebDriverManager.manage(WebDriverManager.java:1204)
at io.github.bonigarcia.wdm.WebDriverManager.fallback(WebDriverManager.java:1439)
at io.github.bonigarcia.wdm.WebDriverManager.handleException(WebDriverManager.java:1420)
at io.github.bonigarcia.wdm.WebDriverManager.manage(WebDriverManager.java:1204)
at io.github.bonigarcia.wdm.WebDriverManager.handleException(WebDriverManager.java:1413)
at io.github.bonigarcia.wdm.WebDriverManager.manage(WebDriverManager.java:1204)
at io.github.bonigarcia.wdm.WebDriverManager.setup(WebDriverManager.java:419)
at selFramework.frameworkdev.BaseTestComponents.BaseClass.initilizeDriver(BaseClass.java:37)
at selFramework.frameworkdev.BaseTestComponents.BaseClass.loginApplication(BaseClass.java:71)
at sun.reflect.NativeMethodAccessorImpl.invoke0(Native Method)
at sun.reflect.NativeMethodAccessorImpl.invoke(NativeMethodAccessorImpl.java:62)
at sun.reflect.DelegatingMethodAccessorImpl.invoke(DelegatingMethodAccessorImpl.java:43)
at java.lang.reflect.Method.invoke(Method.java:498)
at org.testng.internal.MethodInvocationHelper.invokeMethod(MethodInvocationHelper.java:132)
at org.testng.internal.MethodInvocationHelper.invokeMethodConsideringTimeout(MethodInvocationHelper.java:61)
at org.testng.internal.ConfigInvoker.invokeConfigurationMethod(ConfigInvoker.java:366)
at org.testng.internal.ConfigInvoker.invokeConfigurations(ConfigInvoker.java:320)
at org.testng.internal.TestInvoker.runConfigMethods(TestInvoker.java:701)
at org.testng.internal.TestInvoker.invokeMethod(TestInvoker.java:527)
at org.testng.internal.TestInvoker.invokeTestMethod(TestInvoker.java:174)
at org.testng.internal.MethodRunner.runInSequence(MethodRunner.java:46)
at org.testng.internal.TestInvoker$MethodInvocationAgent.invoke(TestInvoker.java:822)
at org.testng.internal.TestInvoker.invokeTestMethods(TestInvoker.java:147)
at org.testng.internal.TestMethodWorker.invokeTestMethods(TestMethodWorker.java:146)
at org.testng.internal.TestMethodWorker.run(TestMethodWorker.java:128)
at java.util.ArrayList.forEach(ArrayList.java:1257)
at org.testng.TestRunner.privateRun(TestRunner.java:764)
at org.testng.TestRunner.run(TestRunner.java:585)
at org.testng.SuiteRunner.runTest(SuiteRunner.java:384)
at org.testng.SuiteRunner.access$000(SuiteRunner.java:28)
at org.testng.SuiteRunner$SuiteWorker.run(SuiteRunner.java:425)
at org.testng.internal.thread.ThreadUtil.lambda$execute$0(ThreadUtil.java:66)
at java.util.concurrent.FutureTask.run(FutureTask.java:266)
at java.util.concurrent.ThreadPoolExecutor.runWorker(ThreadPoolExecutor.java:1149)
at java.util.concurrent.ThreadPoolExecutor$Worker.run(ThreadPoolExecutor.java:624)
at java.lang.Thread.run(Thread.java:748)
Caused by: io.github.bonigarcia.wdm.config.WebDriverManagerException: java.net.UnknownHostException: chromedriver.storage.googleapis.com
at io.github.bonigarcia.wdm.WebDriverManager.getDriversFromXml(WebDriverManager.java:1577)
at io.github.bonigarcia.wdm.managers.ChromeDriverManager.getDriverUrls(ChromeDriverManager.java:106)
at io.github.bonigarcia.wdm.WebDriverManager.createUrlHandler(WebDriverManager.java:1444)
at io.github.bonigarcia.wdm.WebDriverManager.download(WebDriverManager.java:1279)
at io.github.bonigarcia.wdm.WebDriverManager.manage(WebDriverManager.java:1198)
... 35 more
Caused by: java.net.UnknownHostException: chromedriver.storage.googleapis.com
at java.net.InetAddress.getAllByName0(InetAddress.java:1281)
at java.net.InetAddress.getAllByName(InetAddress.java:1193)
at java.net.InetAddress.getAllByName(InetAddress.java:1127)
at org.apache.hc.client5.http.SystemDefaultDnsResolver.resolve(SystemDefaultDnsResolver.java:43)
at org.apache.hc.client5.http.impl.io.DefaultHttpClientConnectionOperator.connect(DefaultHttpClientConnectionOperator.java:141)
at org.apache.hc.client5.http.impl.io.PoolingHttpClientConnectionManager.connect(PoolingHttpClientConnectionManager.java:447)
at org.apache.hc.client5.http.impl.classic.InternalExecRuntime.connectEndpoint(InternalExecRuntime.java:162)
at org.apache.hc.client5.http.impl.classic.InternalExecRuntime.connectEndpoint(InternalExecRuntime.java:172)
at org.apache.hc.client5.http.impl.classic.ConnectExec.execute(ConnectExec.java:142)
at org.apache.hc.client5.http.impl.classic.ExecChainElement.execute(ExecChainElement.java:51)
at org.apache.hc.client5.http.impl.classic.ProtocolExec.execute(ProtocolExec.java:192)
at org.apache.hc.client5.http.impl.classic.ExecChainElement.execute(ExecChainElement.java:51)
at org.apache.hc.client5.http.impl.classic.HttpRequestRetryExec.execute(HttpRequestRetryExec.java:96)
at org.apache.hc.client5.http.impl.classic.ExecChainElement.execute(ExecChainElement.java:51)
at org.apache.hc.client5.http.impl.classic.ContentCompressionExec.execute(ContentCompressionExec.java:152)
at org.apache.hc.client5.http.impl.classic.ExecChainElement.execute(ExecChainElement.java:51)
at org.apache.hc.client5.http.impl.classic.RedirectExec.execute(RedirectExec.java:115)
at org.apache.hc.client5.http.impl.classic.ExecChainElement.execute(ExecChainElement.java:51)
at org.apache.hc.client5.http.impl.classic.InternalHttpClient.doExecute(InternalHttpClient.java:170)
at org.apache.hc.client5.http.impl.classic.CloseableHttpClient.execute(CloseableHttpClient.java:87)
at org.apache.hc.client5.http.impl.classic.CloseableHttpClient.execute(CloseableHttpClient.java:55)
at org.apache.hc.client5.http.classic.HttpClient.executeOpen(HttpClient.java:183)
at io.github.bonigarcia.wdm.online.HttpClient.execute(HttpClient.java:162)
at io.github.bonigarcia.wdm.WebDriverManager.getDriversFromXml(WebDriverManager.java:1562)
... 39 more
]]>
    </error>
  </testcase> <!-- loginApplication -->
  <system-out/>
  <testcase name="loginApplication" time="0.632" classname="selFramework.frameworkdev.Tests.SubmitOrder">
    <error type="io.github.bonigarcia.wdm.config.WebDriverManagerException" message="io.github.bonigarcia.wdm.config.WebDriverManagerException: java.net.UnknownHostException: chromedriver.storage.googleapis.com">
      <![CDATA[io.github.bonigarcia.wdm.config.WebDriverManagerException: io.github.bonigarcia.wdm.config.WebDriverManagerException: java.net.UnknownHostException: chromedriver.storage.googleapis.com
at io.github.bonigarcia.wdm.WebDriverManager.handleException(WebDriverManager.java:1423)
at io.github.bonigarcia.wdm.WebDriverManager.manage(WebDriverManager.java:1204)
at io.github.bonigarcia.wdm.WebDriverManager.fallback(WebDriverManager.java:1439)
at io.github.bonigarcia.wdm.WebDriverManager.handleException(WebDriverManager.java:1420)
at io.github.bonigarcia.wdm.WebDriverManager.manage(WebDriverManager.java:1204)
at io.github.bonigarcia.wdm.WebDriverManager.handleException(WebDriverManager.java:1413)
at io.github.bonigarcia.wdm.WebDriverManager.manage(WebDriverManager.java:1204)
at io.github.bonigarcia.wdm.WebDriverManager.setup(WebDriverManager.java:419)
at selFramework.frameworkdev.BaseTestComponents.BaseClass.initilizeDriver(BaseClass.java:37)
at selFramework.frameworkdev.BaseTestComponents.BaseClass.loginApplication(BaseClass.java:71)
at sun.reflect.NativeMethodAccessorImpl.invoke0(Native Method)
at sun.reflect.NativeMethodAccessorImpl.invoke(NativeMethodAccessorImpl.java:62)
at sun.reflect.DelegatingMethodAccessorImpl.invoke(DelegatingMethodAccessorImpl.java:43)
at java.lang.reflect.Method.invoke(Method.java:498)
at org.testng.internal.MethodInvocationHelper.invokeMethod(MethodInvocationHelper.java:132)
at org.testng.internal.MethodInvocationHelper.invokeMethodConsideringTimeout(MethodInvocationHelper.java:61)
at org.testng.internal.ConfigInvoker.invokeConfigurationMethod(ConfigInvoker.java:366)
at org.testng.internal.ConfigInvoker.invokeConfigurations(ConfigInvoker.java:320)
at org.testng.internal.TestInvoker.runConfigMethods(TestInvoker.java:701)
at org.testng.internal.TestInvoker.invokeMethod(TestInvoker.java:527)
at org.testng.internal.TestInvoker.invokeTestMethod(TestInvoker.java:174)
at org.testng.internal.MethodRunner.runInSequence(MethodRunner.java:46)
at org.testng.internal.TestInvoker$MethodInvocationAgent.invoke(TestInvoker.java:822)
at org.testng.internal.TestInvoker.invokeTestMethods(TestInvoker.java:147)
at org.testng.internal.TestMethodWorker.invokeTestMethods(TestMethodWorker.java:146)
at org.testng.internal.TestMethodWorker.run(TestMethodWorker.java:128)
at java.util.ArrayList.forEach(ArrayList.java:1257)
at org.testng.TestRunner.privateRun(TestRunner.java:764)
at org.testng.TestRunner.run(TestRunner.java:585)
at org.testng.SuiteRunner.runTest(SuiteRunner.java:384)
at org.testng.SuiteRunner.access$000(SuiteRunner.java:28)
at org.testng.SuiteRunner$SuiteWorker.run(SuiteRunner.java:425)
at org.testng.internal.thread.ThreadUtil.lambda$execute$0(ThreadUtil.java:66)
at java.util.concurrent.FutureTask.run(FutureTask.java:266)
at java.util.concurrent.ThreadPoolExecutor.runWorker(ThreadPoolExecutor.java:1149)
at java.util.concurrent.ThreadPoolExecutor$Worker.run(ThreadPoolExecutor.java:624)
at java.lang.Thread.run(Thread.java:748)
Caused by: io.github.bonigarcia.wdm.config.WebDriverManagerException: java.net.UnknownHostException: chromedriver.storage.googleapis.com
at io.github.bonigarcia.wdm.WebDriverManager.getDriversFromXml(WebDriverManager.java:1577)
at io.github.bonigarcia.wdm.managers.ChromeDriverManager.getDriverUrls(ChromeDriverManager.java:106)
at io.github.bonigarcia.wdm.WebDriverManager.createUrlHandler(WebDriverManager.java:1444)
at io.github.bonigarcia.wdm.WebDriverManager.download(WebDriverManager.java:1279)
at io.github.bonigarcia.wdm.WebDriverManager.manage(WebDriverManager.java:1198)
... 35 more
Caused by: java.net.UnknownHostException: chromedriver.storage.googleapis.com
at java.net.InetAddress.getAllByName0(InetAddress.java:1281)
at java.net.InetAddress.getAllByName(InetAddress.java:1193)
at java.net.InetAddress.getAllByName(InetAddress.java:1127)
at org.apache.hc.client5.http.SystemDefaultDnsResolver.resolve(SystemDefaultDnsResolver.java:43)
at org.apache.hc.client5.http.impl.io.DefaultHttpClientConnectionOperator.connect(DefaultHttpClientConnectionOperator.java:141)
at org.apache.hc.client5.http.impl.io.PoolingHttpClientConnectionManager.connect(PoolingHttpClientConnectionManager.java:447)
at org.apache.hc.client5.http.impl.classic.InternalExecRuntime.connectEndpoint(InternalExecRuntime.java:162)
at org.apache.hc.client5.http.impl.classic.InternalExecRuntime.connectEndpoint(InternalExecRuntime.java:172)
at org.apache.hc.client5.http.impl.classic.ConnectExec.execute(ConnectExec.java:142)
at org.apache.hc.client5.http.impl.classic.ExecChainElement.execute(ExecChainElement.java:51)
at org.apache.hc.client5.http.impl.classic.ProtocolExec.execute(ProtocolExec.java:192)
at org.apache.hc.client5.http.impl.classic.ExecChainElement.execute(ExecChainElement.java:51)
at org.apache.hc.client5.http.impl.classic.HttpRequestRetryExec.execute(HttpRequestRetryExec.java:96)
at org.apache.hc.client5.http.impl.classic.ExecChainElement.execute(ExecChainElement.java:51)
at org.apache.hc.client5.http.impl.classic.ContentCompressionExec.execute(ContentCompressionExec.java:152)
at org.apache.hc.client5.http.impl.classic.ExecChainElement.execute(ExecChainElement.java:51)
at org.apache.hc.client5.http.impl.classic.RedirectExec.execute(RedirectExec.java:115)
at org.apache.hc.client5.http.impl.classic.ExecChainElement.execute(ExecChainElement.java:51)
at org.apache.hc.client5.http.impl.classic.InternalHttpClient.doExecute(InternalHttpClient.java:170)
at org.apache.hc.client5.http.impl.classic.CloseableHttpClient.execute(CloseableHttpClient.java:87)
at org.apache.hc.client5.http.impl.classic.CloseableHttpClient.execute(CloseableHttpClient.java:55)
at org.apache.hc.client5.http.classic.HttpClient.executeOpen(HttpClient.java:183)
at io.github.bonigarcia.wdm.online.HttpClient.execute(HttpClient.java:162)
at io.github.bonigarcia.wdm.WebDriverManager.getDriversFromXml(WebDriverManager.java:1562)
... 39 more
]]>
    </error>
  </testcase> <!-- loginApplication -->
  <system-out/>
  <testcase name="placeOrder" time="0.000" classname="selFramework.frameworkdev.Tests.SubmitOrder">
    <skipped/>
  </testcase> <!-- placeOrder -->
  <system-out/>
  <testcase name="placeOrder" time="0.000" classname="selFramework.frameworkdev.Tests.SubmitOrder">
    <skipped/>
  </testcase> <!-- placeOrder -->
  <system-out/>
  <testcase name="afterTest" time="0.001" classname="selFramework.frameworkdev.Tests.SubmitOrder">
    <error type="java.lang.NullPointerException">
      <![CDATA[java.lang.NullPointerException
at selFramework.frameworkdev.BaseTestComponents.BaseClass.afterTest(BaseClass.java:84)
at sun.reflect.NativeMethodAccessorImpl.invoke0(Native Method)
at sun.reflect.NativeMethodAccessorImpl.invoke(NativeMethodAccessorImpl.java:62)
at sun.reflect.DelegatingMethodAccessorImpl.invoke(DelegatingMethodAccessorImpl.java:43)
at java.lang.reflect.Method.invoke(Method.java:498)
at org.testng.internal.MethodInvocationHelper.invokeMethod(MethodInvocationHelper.java:132)
at org.testng.internal.MethodInvocationHelper.invokeMethodConsideringTimeout(MethodInvocationHelper.java:61)
at org.testng.internal.ConfigInvoker.invokeConfigurationMethod(ConfigInvoker.java:366)
at org.testng.internal.ConfigInvoker.invokeConfigurations(ConfigInvoker.java:320)
at org.testng.internal.TestInvoker.runConfigMethods(TestInvoker.java:701)
at org.testng.internal.TestInvoker.runAfterGroupsConfigurations(TestInvoker.java:677)
at org.testng.internal.TestInvoker.invokeMethod(TestInvoker.java:548)
at org.testng.internal.TestInvoker.invokeTestMethod(TestInvoker.java:174)
at org.testng.internal.MethodRunner.runInSequence(MethodRunner.java:46)
at org.testng.internal.TestInvoker$MethodInvocationAgent.invoke(TestInvoker.java:822)
at org.testng.internal.TestInvoker.invokeTestMethods(TestInvoker.java:147)
at org.testng.internal.TestMethodWorker.invokeTestMethods(TestMethodWorker.java:146)
at org.testng.internal.TestMethodWorker.run(TestMethodWorker.java:128)
at java.util.ArrayList.forEach(ArrayList.java:1257)
at org.testng.TestRunner.privateRun(TestRunner.java:764)
at org.testng.TestRunner.run(TestRunner.java:585)
at org.testng.SuiteRunner.runTest(SuiteRunner.java:384)
at org.testng.SuiteRunner.access$000(SuiteRunner.java:28)
at org.testng.SuiteRunner$SuiteWorker.run(SuiteRunner.java:425)
at org.testng.internal.thread.ThreadUtil.lambda$execute$0(ThreadUtil.java:66)
at java.util.concurrent.FutureTask.run(FutureTask.java:266)
at java.util.concurrent.ThreadPoolExecutor.runWorker(ThreadPoolExecutor.java:1149)
at java.util.concurrent.ThreadPoolExecutor$Worker.run(ThreadPoolExecutor.java:624)
at java.lang.Thread.run(Thread.java:748)
]]>
    </error>
  </testcase> <!-- afterTest -->
  <system-out/>
  <testcase name="afterTest" time="0.000" classname="selFramework.frameworkdev.Tests.SubmitOrder">
    <error type="java.lang.NullPointerException">
      <![CDATA[java.lang.NullPointerException
at selFramework.frameworkdev.BaseTestComponents.BaseClass.afterTest(BaseClass.java:84)
at sun.reflect.NativeMethodAccessorImpl.invoke0(Native Method)
at sun.reflect.NativeMethodAccessorImpl.invoke(NativeMethodAccessorImpl.java:62)
at sun.reflect.DelegatingMethodAccessorImpl.invoke(DelegatingMethodAccessorImpl.java:43)
at java.lang.reflect.Method.invoke(Method.java:498)
at org.testng.internal.MethodInvocationHelper.invokeMethod(MethodInvocationHelper.java:132)
at org.testng.internal.MethodInvocationHelper.invokeMethodConsideringTimeout(MethodInvocationHelper.java:61)
at org.testng.internal.ConfigInvoker.invokeConfigurationMethod(ConfigInvoker.java:366)
at org.testng.internal.ConfigInvoker.invokeConfigurations(ConfigInvoker.java:320)
at org.testng.internal.TestInvoker.runConfigMethods(TestInvoker.java:701)
at org.testng.internal.TestInvoker.runAfterGroupsConfigurations(TestInvoker.java:677)
at org.testng.internal.TestInvoker.invokeMethod(TestInvoker.java:548)
at org.testng.internal.TestInvoker.invokeTestMethod(TestInvoker.java:174)
at org.testng.internal.MethodRunner.runInSequence(MethodRunner.java:46)
at org.testng.internal.TestInvoker$MethodInvocationAgent.invoke(TestInvoker.java:822)
at org.testng.internal.TestInvoker.invokeTestMethods(TestInvoker.java:147)
at org.testng.internal.TestMethodWorker.invokeTestMethods(TestMethodWorker.java:146)
at org.testng.internal.TestMethodWorker.run(TestMethodWorker.java:128)
at java.util.ArrayList.forEach(ArrayList.java:1257)
at org.testng.TestRunner.privateRun(TestRunner.java:764)
at org.testng.TestRunner.run(TestRunner.java:585)
at org.testng.SuiteRunner.runTest(SuiteRunner.java:384)
at org.testng.SuiteRunner.access$000(SuiteRunner.java:28)
at org.testng.SuiteRunner$SuiteWorker.run(SuiteRunner.java:425)
at org.testng.internal.thread.ThreadUtil.lambda$execute$0(ThreadUtil.java:66)
at java.util.concurrent.FutureTask.run(FutureTask.java:266)
at java.util.concurrent.ThreadPoolExecutor.runWorker(ThreadPoolExecutor.java:1149)
at java.util.concurrent.ThreadPoolExecutor$Worker.run(ThreadPoolExecutor.java:624)
at java.lang.Thread.run(Thread.java:748)
]]>
    </error>
  </testcase> <!-- afterTest -->
  <system-out/>
</testsuite> <!-- selFramework.frameworkdev.Tests.SubmitOrder -->
