<?xml version="1.0" encoding="UTF-8"?>
<!-- Generated by org.testng.reporters.JUnitReportReporter -->
<testsuite hostname="COB1086589" failures="0" tests="2" name="selFramework.frameworkdev.Tests.ProductCatalogTest" time="17.499" errors="0" timestamp="2023-04-04T03:20:47 IST" skipped="0">
  <testcase classname="selFramework.frameworkdev.Tests.ProductCatalogTest" name="filterTest" time="11.097"/>
  <system-out/>
  <testcase classname="selFramework.frameworkdev.Tests.ProductCatalogTest" name="showingResultsTest" time="6.402"/>
  <system-out/>
</testsuite> <!-- selFramework.frameworkdev.Tests.ProductCatalogTest -->
