<?xml version="1.0" encoding="UTF-8"?>
<!-- Generated by org.testng.reporters.JUnitReportReporter -->
<testsuite hostname="COB1086589" failures="0" tests="2" name="selFramework.frameworkdev.Tests.ProductCatalogTest" time="26.163" errors="0" timestamp="2023-03-28T04:48:11 IST" skipped="0">
  <testcase classname="selFramework.frameworkdev.Tests.ProductCatalogTest" name="filterTest" time="9.007"/>
  <system-out/>
  <testcase classname="selFramework.frameworkdev.Tests.ProductCatalogTest" name="showingResultsTest" time="17.156"/>
  <system-out/>
</testsuite> <!-- selFramework.frameworkdev.Tests.ProductCatalogTest -->
